[aarongrieve.co.uk/index.html]
[backblue.gif]
[fade.gif]
[index.html]
[daks2k3a4ib2z.cloudfront.net/56b9f7a823ac054969b80350/css/aaron-grieve.0d494602f.min.css]
[ajax.googleapis.com/ajax/libs/webfont/1.4.7/webfont.js]
[daks2k3a4ib2z.cloudfront.net/0globals/modernizr-2.7.1.js]
[daks2k3a4ib2z.cloudfront.net/56b9f7a823ac054969b80350/56bc9a0a23ac054969bb90aa_Favicon.png]
[daks2k3a4ib2z.cloudfront.net/56b9f7a823ac054969b80350/56c460c920f9e0ef31f2f927_Favicon Larger.png]
[daks2k3a4ib2z.cloudfront.net/56b9f7a823ac054969b80350/56bb6b242cc69d4e691a2b3e_Blur Triangle.png]
[daks2k3a4ib2z.cloudfront.net/56b9f7a823ac054969b80350/56bc72af590c6fab210d6ced_Blur Triangle 2.png]
[daks2k3a4ib2z.cloudfront.net/56b9f7a823ac054969b80350/575af04a681af9f5765aed1f_Cerveza Mac Mockup.jpg]
[daks2k3a4ib2z.cloudfront.net/56b9f7a823ac054969b80350/56e82fabf37ab62a090a8b62_Chapbook Title.jpg]
[daks2k3a4ib2z.cloudfront.net/56b9f7a823ac054969b80350/56e82fae8a5733210916ec5f_Chap Book Family.jpg]
[daks2k3a4ib2z.cloudfront.net/56b9f7a823ac054969b80350/56e82e59db04e3fa13dfa3b7_Dove Cards_compressed.jpg]
[daks2k3a4ib2z.cloudfront.net/56b9f7a823ac054969b80350/56c3323ae7d136a016bc11ef_Cards Side One_compressed.jpg]
[daks2k3a4ib2z.cloudfront.net/56b9f7a823ac054969b80350/56c3323abfc50aef509594b0_Cards Side Two_compressed.jpg]
[daks2k3a4ib2z.cloudfront.net/56b9f7a823ac054969b80350/56c33165e7d136a016bc114c_NAsu.jpg]
[daks2k3a4ib2z.cloudfront.net/56b9f7a823ac054969b80350/56c33172046f28a516c6ab0e_Gampi Tree.jpg]
[daks2k3a4ib2z.cloudfront.net/56b9f7a823ac054969b80350/56c3315f046f28a516c6aa2f_The Killing Stone.jpg]
[daks2k3a4ib2z.cloudfront.net/56b9f7a823ac054969b80350/56c33cf1e7d136a016bc1ed6_Card Mock up 2_compressed.jpg]
[daks2k3a4ib2z.cloudfront.net/56b9f7a823ac054969b80350/575afc15f9b0936607d6654b_DeKruijter Mac Mockup.jpg]
[daks2k3a4ib2z.cloudfront.net/56b9f7a823ac054969b80350/56c341864a73dcea503b5a29_Manor House Website Mockup.png]
[daks2k3a4ib2z.cloudfront.net/56b9f7a823ac054969b80350/56c33fb14a73dcea503b58a6_Laptop Mock up 2.png]
[daks2k3a4ib2z.cloudfront.net/56b9f7a823ac054969b80350/56c34c124a73dcea503b67b0_Lion Aid Final PRINT AG-01 RGB.jpg]
[daks2k3a4ib2z.cloudfront.net/56b9f7a823ac054969b80350/56c34cfe51eb1b804365afa0_Croc-04_compressed.jpg]
[daks2k3a4ib2z.cloudfront.net/56b9f7a823ac054969b80350/56c34cfe4a73dcea503b67d8_Croc-01_compressed.jpg]
[daks2k3a4ib2z.cloudfront.net/56b9f7a823ac054969b80350/56c34cfe046f28a516c6c82c_Croc-02_compressed.jpg]
[daks2k3a4ib2z.cloudfront.net/56b9f7a823ac054969b80350/56c34cfebfc50aef5095baaf_Croc-03_compressed.jpg]
[daks2k3a4ib2z.cloudfront.net/56b9f7a823ac054969b80350/56dc12ecf3c9211735bd3720_Nirvana 12.jpg]
[daks2k3a4ib2z.cloudfront.net/56b9f7a823ac054969b80350/56dc12785807a51678f1728f_Nirvana 9.jpg]
[daks2k3a4ib2z.cloudfront.net/56b9f7a823ac054969b80350/56dc1278f3c9211735bd3616_Nirvana 5.jpg]
[ajax.googleapis.com/ajax/libs/jquery/2.2.0/jquery.min.js]
[daks2k3a4ib2z.cloudfront.net/56b9f7a823ac054969b80350/js/aaron-grieve.ab61e58bb.js]
[cdnjs.cloudflare.com/ajax/libs/smoothscroll/1.4.1/SmoothScroll.min.js]
[aarongrieve.co.uk/index.html]
[daks2k3a4ib2z.cloudfront.net/56b9f7a823ac054969b80350/css/aaron-grieve.0d494602f.min.css]
[cdnjs.cloudflare.com/ajax/libs/materialize/0.97.5/js/materialize.min.js]
[aarongrieve.co.uk/portfolio.html]
[aarongrieve.co.uk/about-aaron-grieve.html]
[aarongrieve.co.uk/contact-aaron-grieve.html]
